[07-Apr-2025 20:12:56 America/Sao_Paulo] PHP Warning:  require_once(/srv/http/bcs-expcriativa3/php/vendor/autoload.php): Failed to open stream: No such file or directory in /srv/http/bcs-expcriativa3/php/login_refeito.php on line 27
[07-Apr-2025 20:12:56 America/Sao_Paulo] PHP Fatal error:  Uncaught Error: Failed opening required '/srv/http/bcs-expcriativa3/php/vendor/autoload.php' (include_path='.:') in /srv/http/bcs-expcriativa3/php/login_refeito.php:27
Stack trace:
#0 {main}
  thrown in /srv/http/bcs-expcriativa3/php/login_refeito.php on line 27
[07-Apr-2025 20:13:24 America/Sao_Paulo] PHP Warning:  require_once(/srv/http/bcs-expcriativa3/php/vendor/autoload.php): Failed to open stream: No such file or directory in /srv/http/bcs-expcriativa3/php/login_refeito.php on line 27
[07-Apr-2025 20:13:24 America/Sao_Paulo] PHP Fatal error:  Uncaught Error: Failed opening required '/srv/http/bcs-expcriativa3/php/vendor/autoload.php' (include_path='.:') in /srv/http/bcs-expcriativa3/php/login_refeito.php:27
Stack trace:
#0 {main}
  thrown in /srv/http/bcs-expcriativa3/php/login_refeito.php on line 27
[07-Apr-2025 20:13:24 America/Sao_Paulo] PHP Warning:  require_once(/srv/http/bcs-expcriativa3/php/vendor/autoload.php): Failed to open stream: No such file or directory in /srv/http/bcs-expcriativa3/php/login_refeito.php on line 27
[07-Apr-2025 20:13:24 America/Sao_Paulo] PHP Fatal error:  Uncaught Error: Failed opening required '/srv/http/bcs-expcriativa3/php/vendor/autoload.php' (include_path='.:') in /srv/http/bcs-expcriativa3/php/login_refeito.php:27
Stack trace:
#0 {main}
  thrown in /srv/http/bcs-expcriativa3/php/login_refeito.php on line 27
[07-Apr-2025 20:22:13 America/Sao_Paulo] PHP Warning:  require_once(/srv/http/bcs-expcriativa3/php/vendor/autoload.php): Failed to open stream: No such file or directory in /srv/http/bcs-expcriativa3/php/login_refeito.php on line 31
[07-Apr-2025 20:22:13 America/Sao_Paulo] PHP Fatal error:  Uncaught Error: Failed opening required '/srv/http/bcs-expcriativa3/php/vendor/autoload.php' (include_path='.:') in /srv/http/bcs-expcriativa3/php/login_refeito.php:31
Stack trace:
#0 {main}
  thrown in /srv/http/bcs-expcriativa3/php/login_refeito.php on line 31
[07-Apr-2025 20:23:53 America/Sao_Paulo] PHP Warning:  require_once(/srv/http/bcs-expcriativa3/php/vendor/autoload.php): Failed to open stream: No such file or directory in /srv/http/bcs-expcriativa3/php/login_refeito.php on line 31
[07-Apr-2025 20:23:53 America/Sao_Paulo] PHP Fatal error:  Uncaught Error: Failed opening required '/srv/http/bcs-expcriativa3/php/vendor/autoload.php' (include_path='.:') in /srv/http/bcs-expcriativa3/php/login_refeito.php:31
Stack trace:
#0 {main}
  thrown in /srv/http/bcs-expcriativa3/php/login_refeito.php on line 31
[07-Apr-2025 20:24:27 America/Sao_Paulo] PHP Warning:  require_once(/srv/http/bcs-expcriativa3/php/vendor/autoload.php): Failed to open stream: No such file or directory in /srv/http/bcs-expcriativa3/php/login_refeito.php on line 31
[07-Apr-2025 20:24:27 America/Sao_Paulo] PHP Fatal error:  Uncaught Error: Failed opening required '/srv/http/bcs-expcriativa3/php/vendor/autoload.php' (include_path='.:') in /srv/http/bcs-expcriativa3/php/login_refeito.php:31
Stack trace:
#0 {main}
  thrown in /srv/http/bcs-expcriativa3/php/login_refeito.php on line 31
[08-Apr-2025 07:12:50 America/Sao_Paulo] Novo token CSRF gerado para sessão: mvafjqkrqp4mvj44qnv2bk32vl
[08-Apr-2025 14:11:46 America/Sao_Paulo] Tentativa de login para email: testeplataformascursocloud@gmail.com
[08-Apr-2025 14:11:46 America/Sao_Paulo] Usuário encontrado: Array
(
    [id] => 1
    [email] => testeplataformascursocloud@gmail.com
    [senha_hash] => $2y$10$NCkxyRB2z3EetLBw.HeIcOnaTDRw0s3E5rxpv0L5jaT3jM6oAZqya
    [mfa_enabled] => 0
)

[08-Apr-2025 14:11:46 America/Sao_Paulo] Tentativa de login para email: testeplataformascursocloud@gmail.com
[08-Apr-2025 14:11:46 America/Sao_Paulo] Usuário encontrado: Array
(
    [id] => 1
    [email] => testeplataformascursocloud@gmail.com
    [senha_hash] => $2y$10$NCkxyRB2z3EetLBw.HeIcOnaTDRw0s3E5rxpv0L5jaT3jM6oAZqya
    [mfa_enabled] => 0
)

[08-Apr-2025 14:14:57 America/Sao_Paulo] Tentativa de login para email: testeplataformascursocloud@gmail.com
[08-Apr-2025 14:14:57 America/Sao_Paulo] Usuário encontrado: Array
(
    [id] => 1
    [email] => testeplataformascursocloud@gmail.com
    [senha_hash] => $2y$10$NCkxyRB2z3EetLBw.HeIcOnaTDRw0s3E5rxpv0L5jaT3jM6oAZqya
    [mfa_enabled] => 1
)

[08-Apr-2025 14:14:57 America/Sao_Paulo] Tentativa de login para email: testeplataformascursocloud@gmail.com
[08-Apr-2025 14:14:57 America/Sao_Paulo] Usuário encontrado: Array
(
    [id] => 1
    [email] => testeplataformascursocloud@gmail.com
    [senha_hash] => $2y$10$NCkxyRB2z3EetLBw.HeIcOnaTDRw0s3E5rxpv0L5jaT3jM6oAZqya
    [mfa_enabled] => 1
)

[08-Apr-2025 14:39:46 America/Sao_Paulo] Tentativa de login para email: testeplataformascursocloud@gmail.com
[08-Apr-2025 14:39:46 America/Sao_Paulo] Usuário encontrado: Array
(
    [id] => 1
    [email] => testeplataformascursocloud@gmail.com
    [senha_hash] => $2y$10$NCkxyRB2z3EetLBw.HeIcOnaTDRw0s3E5rxpv0L5jaT3jM6oAZqya
    [mfa_enabled] => 1
)

[08-Apr-2025 14:39:46 America/Sao_Paulo] Tentativa de login para email: testeplataformascursocloud@gmail.com
[08-Apr-2025 14:39:46 America/Sao_Paulo] Usuário encontrado: Array
(
    [id] => 1
    [email] => testeplataformascursocloud@gmail.com
    [senha_hash] => $2y$10$NCkxyRB2z3EetLBw.HeIcOnaTDRw0s3E5rxpv0L5jaT3jM6oAZqya
    [mfa_enabled] => 1
)

[08-Apr-2025 14:40:30 America/Sao_Paulo] Tentativa de login para email: testeplataformascursocloud@gmail.com
[08-Apr-2025 14:40:30 America/Sao_Paulo] Usuário encontrado: Array
(
    [id] => 1
    [email] => testeplataformascursocloud@gmail.com
    [senha_hash] => $2y$10$NCkxyRB2z3EetLBw.HeIcOnaTDRw0s3E5rxpv0L5jaT3jM6oAZqya
    [mfa_enabled] => 0
)

[08-Apr-2025 14:40:30 America/Sao_Paulo] Tentativa de login para email: testeplataformascursocloud@gmail.com
[08-Apr-2025 14:40:30 America/Sao_Paulo] Usuário encontrado: Array
(
    [id] => 1
    [email] => testeplataformascursocloud@gmail.com
    [senha_hash] => $2y$10$NCkxyRB2z3EetLBw.HeIcOnaTDRw0s3E5rxpv0L5jaT3jM6oAZqya
    [mfa_enabled] => 0
)

[08-Apr-2025 14:54:55 America/Sao_Paulo] Tentativa de login para email: testeplataformascursocloud@gmail.com
[08-Apr-2025 14:54:55 America/Sao_Paulo] Usuário encontrado: Array
(
    [id] => 1
    [email] => testeplataformascursocloud@gmail.com
    [senha_hash] => $2y$10$NCkxyRB2z3EetLBw.HeIcOnaTDRw0s3E5rxpv0L5jaT3jM6oAZqya
    [mfa_enabled] => 0
)

[08-Apr-2025 14:54:55 America/Sao_Paulo] Tentativa de login para email: testeplataformascursocloud@gmail.com
[08-Apr-2025 14:54:55 America/Sao_Paulo] Usuário encontrado: Array
(
    [id] => 1
    [email] => testeplataformascursocloud@gmail.com
    [senha_hash] => $2y$10$NCkxyRB2z3EetLBw.HeIcOnaTDRw0s3E5rxpv0L5jaT3jM6oAZqya
    [mfa_enabled] => 0
)

