Array
(
    [email] => testeplataformascursocloud@gmail.com
    [senha] => SenhaSegura123
    [action] => login
    [csrf_token] => c56f5203cfbcb1312f1dacbb39b9617ad8875df62416557d3747c9a825aa214d
)
Array
(
    [email] => testeplataformascursocloud@gmail.com
    [senha] => SenhaSegura123
    [action] => login
    [csrf_token] => c56f5203cfbcb1312f1dacbb39b9617ad8875df62416557d3747c9a825aa214d
)
Array
(
    [email] => testeplataformascursocloud@gmail.com
    [senha] => SenhaSegura123
    [action] => login
    [csrf_token] => c56f5203cfbcb1312f1dacbb39b9617ad8875df62416557d3747c9a825aa214d
)
Array
(
    [email] => testeplataformascursocloud@gmail.com
    [senha] => SenhaSegura123
    [action] => login
    [csrf_token] => c56f5203cfbcb1312f1dacbb39b9617ad8875df62416557d3747c9a825aa214d
)
Array
(
    [email] => testeplataformascursocloud@gmail.com
    [senha] => SenhaSegura123
    [action] => login
    [csrf_token] => <?php echo $_SESSION['csrf_token']; ?>
)
Array
(
    [email] => testeplataformascursocloud@gmail.com
    [senha] => SenhaSegura123
    [action] => login
    [csrf_token] => <?php echo $_SESSION['csrf_token']; ?>
)
Array
(
    [email] => testeplataformascursocloud@gmail.com
    [senha] => SenhaSegura123
    [action] => login
    [csrf_token] => c56f5203cfbcb1312f1dacbb39b9617ad8875df62416557d3747c9a825aa214d
)
Array
(
    [email] => testeplataformascursocloud@gmail.com
    [senha] => SenhaSegura123
    [action] => login
    [csrf_token] => c56f5203cfbcb1312f1dacbb39b9617ad8875df62416557d3747c9a825aa214d
)
Array
(
    [email] => testeplataformascursocloud@gmail.com
    [senha] => SenhaSegura123
    [action] => login
    [csrf_token] => c56f5203cfbcb1312f1dacbb39b9617ad8875df62416557d3747c9a825aa214d
)
Array
(
    [email] => testeplataformascursocloud@gmail.com
    [senha] => SenhaSegura123
    [action] => login
    [csrf_token] => c56f5203cfbcb1312f1dacbb39b9617ad8875df62416557d3747c9a825aa214d
)
Array
(
    [email] => testeplataformascursocloud@gmail.com
    [senha] => SenhaSegura123
    [action] => login
    [csrf_token] => c56f5203cfbcb1312f1dacbb39b9617ad8875df62416557d3747c9a825aa214d
)
Array
(
    [email] => testeplataformascursocloud@gmail.com
    [senha] => SenhaSegura123
    [action] => login
    [csrf_token] => c56f5203cfbcb1312f1dacbb39b9617ad8875df62416557d3747c9a825aa214d
)
Array
(
    [email] => testeplataformascursocloud@gmail.com
    [senha] => SenhaSegura123
    [action] => login
    [csrf_token] => c56f5203cfbcb1312f1dacbb39b9617ad8875df62416557d3747c9a825aa214d
)
Array
(
    [email] => testeplataformascursocloud@gmail.com
    [senha] => SenhaSegura123
    [action] => login
    [csrf_token] => c56f5203cfbcb1312f1dacbb39b9617ad8875df62416557d3747c9a825aa214d
)
Array
(
    [email] => testeplataformascursocloud@gmail.com
    [senha] => SenhaSegura123
    [action] => login
    [csrf_token] => c56f5203cfbcb1312f1dacbb39b9617ad8875df62416557d3747c9a825aa214d
)
Array
(
    [email] => testeplataformascursocloud@gmail.com
    [senha] => SenhaSegura123
    [action] => login
    [csrf_token] => c56f5203cfbcb1312f1dacbb39b9617ad8875df62416557d3747c9a825aa214d
)
2025-04-07 17:12:31 - Script acessado
2025-04-07 17:14:14 - Script acessado
2025-04-07 17:15:36 - Script acessado
Array
(
    [email] => testeplataformascursocloud@gmail.com
    [senha] => SenhaSegura123
    [action] => login
    [csrf_token] => c56f5203cfbcb1312f1dacbb39b9617ad8875df62416557d3747c9a825aa214d
)
Array
(
    [email] => testeplataformascursocloud@gmail.com
    [senha] => SenhaSegura123
    [action] => login
    [csrf_token] => c56f5203cfbcb1312f1dacbb39b9617ad8875df62416557d3747c9a825aa214d
)
Array
(
    [email] => testeplataformascursocloud@gmail.com
    [senha] => SenhaSegura123
    [action] => login
    [csrf_token] => c56f5203cfbcb1312f1dacbb39b9617ad8875df62416557d3747c9a825aa214d
)
Array
(
    [email] => testeplataformascursocloud@gmail.com
    [senha] => SenhaSegura123
    [action] => login
    [csrf_token] => c56f5203cfbcb1312f1dacbb39b9617ad8875df62416557d3747c9a825aa214d
)
Array
(
    [email] => testeplataformascursocloud@gmail.com
    [senha] => SenhaSegura123
    [action] => login
    [csrf_token] => c56f5203cfbcb1312f1dacbb39b9617ad8875df62416557d3747c9a825aa214d
)
Array
(
    [email] => testeplataformascursocloud@gmail.com
    [senha] => SenhaSegura123
    [action] => login
    [csrf_token] => c56f5203cfbcb1312f1dacbb39b9617ad8875df62416557d3747c9a825aa214d
)
