Array
(
    [name] => 
    [email] => 
    [telefone] => 
    [cpf] => 
    [data_nascimento] => 
    [cep] => 
    [estado] => 
    [cidade] => 
    [rua] => 
    [numero] => 
    [senha_hash] => 81b726a5f9f923e3966a76a39a900fa1e8d066929ad5be321e26a50a90fec456
    [salt] => addd06778b645271aceaf78e9fa0d92f
)
Array
(
    [name] => Andrea Kozicki
    [email] => andrea.kozicki@gmail.com
    [telefone] => (41) 9914-6202
    [cpf] => 051.246.189-90
    [data_nascimento] => 22/12/1985
    [cep] => 80530-040
    [cidade] => Curitiba
    [rua] => Rua Duque de Caxias
    [numero] => 807
    [senha_hash] => 838e68822cab51a40e5972e8cf8bb5dc4af1a01c043b0c010ecd53f10f16fd8b
    [salt] => 9112afebe85c21b456edb3d26e36b235
)
Array
(
    [name] => Andrea Kozicki
    [email] => andrea.kozicki@gmail.com
    [telefone] => (41) 9914-6202
    [cpf] => 051.246.189-90
    [data_nascimento] => 22/12/1985
    [cep] => 80530-040
    [cidade] => Curitiba
    [rua] => Rua Duque de Caxias
    [numero] => 807
    [senha_hash] => b82bf7913876f96197edbc7fac2fe80dd7fb23a7607c96943058832f685f44d3
    [salt] => 18f41666a1e647d97e5b37651b77f810
)
